<?xml version="1.0" encoding="UTF-8"?>
<testsuite name="com.example.demo.DemoApplicationTests" tests="1" skipped="0" failures="0" errors="0" timestamp="2023-06-11T19:55:08" hostname="MSI" time="0.341">
  <properties/>
  <testcase name="contextLoads()" classname="com.example.demo.DemoApplicationTests" time="0.341"/>
  <system-out><![CDATA[21:55:05.457 [Test worker] INFO org.springframework.test.context.support.AnnotationConfigContextLoaderUtils -- Could not detect default configuration classes for test class [com.example.demo.DemoApplicationTests]: DemoApplicationTests does not declare any static, non-private, non-final, nested classes annotated with @Configuration.
21:55:05.547 [Test worker] INFO org.springframework.boot.test.context.SpringBootTestContextBootstrapper -- Found @SpringBootConfiguration com.example.demo.Application for test class com.example.demo.DemoApplicationTests

  .   ____          _            __ _ _
 /\\ / ___'_ __ _ _(_)_ __  __ _ \ \ \ \
( ( )\___ | '_ | '_| | '_ \/ _` | \ \ \ \
 \\/  ___)| |_)| | | | | || (_| |  ) ) ) )
  '  |____| .__|_| |_|_| |_\__, | / / / /
 =========|_|==============|___/=/_/_/_/
 :: Spring Boot ::                (v3.1.0)

2023-06-11T21:55:06.101+02:00  INFO 25860 --- [    Test worker] com.example.demo.DemoApplicationTests    : Starting DemoApplicationTests using Java 17.0.7 with PID 25860 (started by visha in C:\DB_Aufgabe\demo)
2023-06-11T21:55:06.103+02:00  INFO 25860 --- [    Test worker] com.example.demo.DemoApplicationTests    : No active profile set, falling back to 1 default profile: "default"
2023-06-11T21:55:06.903+02:00  INFO 25860 --- [    Test worker] o.s.cloud.context.scope.GenericScope     : BeanFactory id=e158a8d0-3a7c-395c-a939-0fa3cd838883
2023-06-11T21:55:07.035+02:00  INFO 25860 --- [    Test worker] trationDelegate$BeanPostProcessorChecker : Bean 'org.springframework.ws.config.annotation.DelegatingWsConfiguration' of type [org.springframework.ws.config.annotation.DelegatingWsConfiguration$$SpringCGLIB$$0] is not eligible for getting processed by all BeanPostProcessors (for example: not eligible for auto-proxying)
2023-06-11T21:55:07.068+02:00  INFO 25860 --- [    Test worker] .w.s.a.s.AnnotationActionEndpointMapping : Supporting [WS-Addressing August 2004, WS-Addressing 1.0]
2023-06-11T21:55:08.002+02:00  INFO 25860 --- [    Test worker] com.example.demo.DemoApplicationTests    : Started DemoApplicationTests in 2.247 seconds (process running for 3.305)
]]></system-out>
  <system-err><![CDATA[]]></system-err>
</testsuite>
